2024-09-23 21:07:27 Loading main app package /usr/lib/obsidian/obsidian.asar
2024-09-23 21:07:28 Checking for update using Github
2024-09-23 21:07:29 Success.
2024-09-23 21:07:29 Latest version is 1.6.7
2024-09-23 21:07:29 App is up to date.
2024-09-23 21:09:13 Loading main app package /usr/lib/obsidian/obsidian.asar
2024-09-23 21:09:13 Checking for update using Github
2024-09-23 21:09:13 Success.
2024-09-23 21:09:13 Latest version is 1.6.7
2024-09-23 21:09:13 App is up to date.
2024-09-23 21:09:23 Loading main app package /usr/lib/obsidian/obsidian.asar
2024-09-23 21:09:23 Checking for update using Github
2024-09-23 21:09:23 Success.
2024-09-23 21:09:23 Latest version is 1.6.7
2024-09-23 21:09:23 App is up to date.
2024-09-23 21:11:20 Loading main app package /usr/lib/obsidian/obsidian.asar
2024-09-23 21:11:20 Checking for update using Github
2024-09-23 21:11:20 Success.
2024-09-23 21:11:20 Latest version is 1.6.7
2024-09-23 21:11:20 App is up to date.
2024-09-24 19:55:36 Loading main app package /usr/lib/obsidian/obsidian.asar
2024-09-24 19:55:37 Checking for update using Github
2024-09-24 19:55:37 Success.
2024-09-24 19:55:37 Latest version is 1.6.7
2024-09-24 19:55:37 App is up to date.
2024-10-10 17:13:03 Loading main app package /usr/lib/obsidian/obsidian.asar
2024-10-10 17:13:03 Checking for update using Github
2024-10-10 17:13:03 Success.
2024-10-10 17:13:03 Latest version is 1.6.7
2024-10-10 17:13:03 App is up to date.
2024-10-10 18:13:03 Checking for update using Github
2024-10-10 18:13:03 Success.
2024-10-10 18:13:03 Latest version is 1.6.7
2024-10-10 18:13:03 App is up to date.
2024-10-10 19:13:03 Checking for update using Github
2024-10-10 19:13:03 Success.
2024-10-10 19:13:03 Latest version is 1.6.7
2024-10-10 19:13:03 App is up to date.
2024-10-10 20:13:03 Checking for update using Github
2024-10-10 20:13:03 Success.
2024-10-10 20:13:03 Latest version is 1.6.7
2024-10-10 20:13:03 App is up to date.
2024-10-10 21:13:03 Checking for update using Github
2024-10-10 21:13:03 Success.
2024-10-10 21:13:03 Latest version is 1.6.7
2024-10-10 21:13:03 App is up to date.
2024-10-11 12:01:02 Loading main app package /usr/lib/obsidian/obsidian.asar
2024-10-11 12:01:02 Checking for update using Github
2024-10-11 12:01:02 Success.
2024-10-11 12:01:02 Latest version is 1.6.7
2024-10-11 12:01:02 App is up to date.
2024-10-18 21:21:45 Loading main app package /usr/lib/obsidian/obsidian.asar
2024-10-18 21:21:46 Checking for update using Github
2024-10-18 21:21:46 Success.
2024-10-18 21:21:46 Latest version is 1.7.4
2024-10-18 21:21:46 App is up to date.
2024-11-23 22:28:50 Loading main app package /usr/lib/obsidian/obsidian.asar
2024-11-23 22:28:51 Checking for update using Github
2024-11-23 22:28:51 Success.
2024-11-23 22:28:51 Latest version is 1.7.7
2024-11-23 22:28:51 App is up to date.
2024-11-28 21:21:29 Loading main app package /usr/lib/obsidian/obsidian.asar
2024-11-28 21:21:29 Checking for update using Github
2024-11-28 21:21:29 Success.
2024-11-28 21:21:29 Latest version is 1.7.7
2024-11-28 21:21:29 App is up to date.
2024-12-01 21:57:16 Loading main app package /usr/lib/obsidian/obsidian.asar
2024-12-01 21:57:16 Checking for update using Github
2024-12-01 21:57:17 Success.
2024-12-01 21:57:17 Latest version is 1.7.7
2024-12-01 21:57:17 App is up to date.
2024-12-02 18:07:40 Loading main app package /usr/lib/obsidian/obsidian.asar
2024-12-02 18:07:41 Checking for update using Github
2024-12-02 18:07:41 Success.
2024-12-02 18:07:41 Latest version is 1.7.7
2024-12-02 18:07:41 App is up to date.
2024-12-05 17:46:06 Loading main app package /usr/lib/obsidian/obsidian.asar
2024-12-05 17:46:06 Checking for update using Github
2024-12-05 17:46:07 Success.
2024-12-05 17:46:07 Latest version is 1.7.7
2024-12-05 17:46:07 App is up to date.
2024-12-05 18:46:06 Checking for update using Github
2024-12-05 18:46:06 Success.
2024-12-05 18:46:06 Latest version is 1.7.7
2024-12-05 18:46:06 App is up to date.
2024-12-05 19:46:06 Checking for update using Github
2024-12-05 19:46:06 Success.
2024-12-05 19:46:06 Latest version is 1.7.7
2024-12-05 19:46:06 App is up to date.
2024-12-05 20:46:06 Checking for update using Github
2024-12-05 20:46:06 Success.
2024-12-05 20:46:06 Latest version is 1.7.7
2024-12-05 20:46:06 App is up to date.
2024-12-05 21:46:06 Checking for update using Github
2024-12-05 21:46:07 Success.
2024-12-05 21:46:07 Latest version is 1.7.7
2024-12-05 21:46:07 App is up to date.
2025-02-06 20:55:36 Loading main app package /usr/lib/obsidian/obsidian.asar
2025-02-06 20:55:36 Checking for update using Github
2025-02-06 20:55:37 Success.
2025-02-06 20:55:37 Latest version is 1.8.4
2025-02-06 20:55:37 App is up to date.
2025-02-06 21:55:36 Checking for update using Github
2025-02-06 21:55:36 Success.
2025-02-06 21:55:36 Latest version is 1.8.4
2025-02-06 21:55:36 App is up to date.
2025-02-17 00:44:50 Loading main app package /usr/lib/obsidian/obsidian.asar
2025-02-17 00:44:50 Checking for update using Github
2025-02-17 00:44:50 Success.
2025-02-17 00:44:50 Latest version is 1.8.4
2025-02-17 00:44:50 App is up to date.
2025-03-12 18:12:44 Loading main app package /usr/lib/obsidian/obsidian.asar
2025-03-12 18:12:45 Checking for update using Github
2025-03-12 18:12:45 Success.
2025-03-12 18:12:45 Latest version is 1.8.9
2025-03-12 18:12:45 App is up to date.
